<?xml version="1.0" encoding="UTF-8"?>
<testng-results ignored="0" total="1" passed="1" failed="0" skipped="0">
  <reporter-output>
  </reporter-output>
  <suite started-at="2024-05-10T17:21:54 EET" name="All Test Suite" finished-at="2024-05-10T17:23:53 EET" duration-ms="119973">
    <groups>
      <group name="Regression">
        <method signature="TC_001_V1.TC_001_V1(java.lang.String)[pri:0, instance:tests.TC_001_V1@1be2019a]" name="TC_001_V1" class="tests.TC_001_V1"/>
      </group> <!-- Regression -->
    </groups>
    <test started-at="2024-05-10T17:21:54 EET" name="Regression" finished-at="2024-05-10T17:23:53 EET" duration-ms="119973">
      <class name="tests.TC_001_V1">
        <test-method signature="TC_001_V1(java.lang.String)[pri:0, instance:tests.TC_001_V1@1be2019a]" started-at="2024-05-10T17:21:54 EET" name="TC_001_V1" finished-at="2024-05-10T17:23:53 EET" duration-ms="119846" status="PASS">
          <params>
            <param index="0">
              <value>
                <![CDATA[chrome]]>
              </value>
            </param>
          </params>
          <reporter-output>
          </reporter-output>
        </test-method> <!-- TC_001_V1 -->
      </class> <!-- tests.TC_001_V1 -->
    </test> <!-- Regression -->
  </suite> <!-- All Test Suite -->
</testng-results>
