<?xml version="1.0" encoding="UTF-8"?>
<testsuite xmlns:xsi="http://www.w3.org/2001/XMLSchema-instance" xsi:noNamespaceSchemaLocation="https://maven.apache.org/surefire/maven-surefire-plugin/xsd/surefire-test-report-3.0.xsd" version="3.0" name="TestSuite" time="121.162" tests="1" errors="0" skipped="0" failures="0">
  <properties>
[...]
</properties>
  <testcase name="TC_001_V1[chrome](1)" classname="tests.TC_001_V1" time="119.847">
    <system-out><![CDATA[2024-05-10 17:21:53 INFO  - [XmlSuite] [WARN] 'parallel' value 'true' is no longer valid, defaulting to 'methods'.
2024-05-10 17:21:53 INFO  - [Utils] MethodGroupsHelper.collectMethodsByGroup() took 0 ms.
2024-05-10 17:21:53 INFO  - [Utils] MethodGroupsHelper.sortMethods() took 1 ms.
2024-05-10 17:21:53 INFO  - [Utils] MethodGroupsHelper.collectMethodsByGroup() took 0 ms.
2024-05-10 17:21:53 INFO  - [Utils] MethodGroupsHelper.sortMethods() took 0 ms.
2024-05-10 17:21:53 INFO  - [Utils] MethodGroupsHelper.collectMethodsByGroup() took 0 ms.
2024-05-10 17:21:53 INFO  - [Utils] MethodGroupsHelper.sortMethods() took 0 ms.
2024-05-10 17:21:53 INFO  - [Utils] MethodGroupsHelper.collectMethodsByGroup() took 0 ms.
2024-05-10 17:21:53 INFO  - [Utils] MethodGroupsHelper.sortMethods() took 0 ms.
2024-05-10 17:21:53 INFO  - [Utils] MethodGroupsHelper.collectMethodsByGroup() took 0 ms.
2024-05-10 17:21:53 INFO  - [Utils] MethodGroupsHelper.sortMethods() took 0 ms.
2024-05-10 17:21:53 INFO  - [Utils] MethodGroupsHelper.collectMethodsByGroup() took 0 ms.
2024-05-10 17:21:53 INFO  - [Utils] MethodGroupsHelper.sortMethods() took 0 ms.
2024-05-10 17:21:53 INFO  - [Utils] MethodGroupsHelper.collectMethodsByGroup() took 0 ms.
2024-05-10 17:21:53 INFO  - [Utils] MethodGroupsHelper.sortMethods() took 0 ms.
2024-05-10 17:21:53 INFO  - [Utils] MethodGroupsHelper.collectMethodsByGroup() took 0 ms.
2024-05-10 17:21:53 INFO  - [Utils] MethodGroupsHelper.sortMethods() took 0 ms.
2024-05-10 17:21:53 INFO  - [Utils] MethodGroupsHelper.collectMethodsByGroup() took 0 ms.
2024-05-10 17:21:53 INFO  - [Utils] MethodGroupsHelper.sortMethods() took 0 ms.
2024-05-10 17:21:53 INFO  - [Utils] MethodGroupsHelper.collectMethodsByGroup() took 0 ms.
2024-05-10 17:21:53 INFO  - [Utils] MethodGroupsHelper.sortMethods() took 0 ms.
2024-05-10 17:21:53 INFO  - [Utils] MethodGroupsHelper.collectMethodsByGroup() took 0 ms.
2024-05-10 17:21:53 INFO  - [Utils] MethodGroupsHelper.sortMethods() took 0 ms.
2024-05-10 17:21:53 INFO  - [Utils] MethodGroupsHelper.collectMethodsByGroup() took 0 ms.
2024-05-10 17:21:53 INFO  - [Utils] MethodGroupsHelper.sortMethods() took 0 ms.
2024-05-10 17:21:53 INFO  - [Utils] MethodGroupsHelper.collectMethodsByGroup() took 8 ms.
2024-05-10 17:21:53 INFO  - [Utils] MethodGroupsHelper.sortMethods() took 5 ms.
2024-05-10 17:21:53 INFO  - [Utils] MethodGroupsHelper.collectMethodsByGroup() took 0 ms.
2024-05-10 17:21:53 INFO  - [Utils] MethodGroupsHelper.sortMethods() took 0 ms.
2024-05-10 17:21:53 INFO  - [Utils] MethodGroupsHelper.collectMethodsByGroup() took 0 ms.
2024-05-10 17:21:53 INFO  - [Utils] MethodGroupsHelper.sortMethods() took 0 ms.
2024-05-10 17:21:54 INFO  - [Utils] DynamicGraphHelper.createDynamicGraph() took 14 ms.
2024-05-10 17:21:54 INFO  - [TestRunner] Starting executor for test Regression with time out:2147483647 milliseconds.
MapApp version= v1

2024-05-10 17:21:58 INFO  - MapApp version= v1



2024-05-10 17:22:02 INFO  - userHash = 4d099387ab32737f62f1bd7ece178232
2024-05-10 17:22:02 INFO  - URL= https://app.grantsreach.com/resource?aff_sub2=4d099387ab32737f62f1bd7ece178232&cat=500&md=w&slct=1&v=v1
2024-05-10 17:22:04 INFO  - Header= Children Learning Center
2024-05-10 17:22:43 INFO  - First Ad= Google Ad
2024-05-10 17:23:19 INFO  - Second Ad= Google Ad
2024-05-10 17:23:53 INFO  - Third Ad= Google Ad
]]></system-out>
    <system-err><![CDATA[May 10, 2024 5:21:58 ÖS org.openqa.selenium.devtools.CdpVersionFinder findNearestMatch
WARNING: Unable to find an exact match for CDP version 124, returning the closest version; found: 123; Please update to a Selenium version that supports CDP version 124
]]></system-err>
  </testcase>
</testsuite>